running egg_info
creating ../../build/vslam_package/vslam_package.egg-info
writing ../../build/vslam_package/vslam_package.egg-info/PKG-INFO
writing dependency_links to ../../build/vslam_package/vslam_package.egg-info/dependency_links.txt
writing entry points to ../../build/vslam_package/vslam_package.egg-info/entry_points.txt
writing requirements to ../../build/vslam_package/vslam_package.egg-info/requires.txt
writing top-level names to ../../build/vslam_package/vslam_package.egg-info/top_level.txt
writing manifest file '../../build/vslam_package/vslam_package.egg-info/SOURCES.txt'
reading manifest file '../../build/vslam_package/vslam_package.egg-info/SOURCES.txt'
writing manifest file '../../build/vslam_package/vslam_package.egg-info/SOURCES.txt'
running build
running build_py
creating /home/agilex/taj_ws/build/vslam_package/build
creating /home/agilex/taj_ws/build/vslam_package/build/lib
creating /home/agilex/taj_ws/build/vslam_package/build/lib/vslam_package
copying vslam_package/__init__.py -> /home/agilex/taj_ws/build/vslam_package/build/lib/vslam_package
copying vslam_package/aruco_detector.py -> /home/agilex/taj_ws/build/vslam_package/build/lib/vslam_package
copying vslam_package/vslam_node.py -> /home/agilex/taj_ws/build/vslam_package/build/lib/vslam_package
running install
/usr/lib/python3/dist-packages/setuptools/command/install.py:34: SetuptoolsDeprecationWarning: setup.py install is deprecated. Use build and pip and other standards-based tools.
  warnings.warn(
running install_lib
creating /home/agilex/taj_ws/install/vslam_package/lib/python3.10/site-packages/vslam_package
copying /home/agilex/taj_ws/build/vslam_package/build/lib/vslam_package/__init__.py -> /home/agilex/taj_ws/install/vslam_package/lib/python3.10/site-packages/vslam_package
copying /home/agilex/taj_ws/build/vslam_package/build/lib/vslam_package/aruco_detector.py -> /home/agilex/taj_ws/install/vslam_package/lib/python3.10/site-packages/vslam_package
copying /home/agilex/taj_ws/build/vslam_package/build/lib/vslam_package/vslam_node.py -> /home/agilex/taj_ws/install/vslam_package/lib/python3.10/site-packages/vslam_package
byte-compiling /home/agilex/taj_ws/install/vslam_package/lib/python3.10/site-packages/vslam_package/__init__.py to __init__.cpython-310.pyc
byte-compiling /home/agilex/taj_ws/install/vslam_package/lib/python3.10/site-packages/vslam_package/aruco_detector.py to aruco_detector.cpython-310.pyc
byte-compiling /home/agilex/taj_ws/install/vslam_package/lib/python3.10/site-packages/vslam_package/vslam_node.py to vslam_node.cpython-310.pyc
running install_data
creating /home/agilex/taj_ws/install/vslam_package/share/ament_index
creating /home/agilex/taj_ws/install/vslam_package/share/ament_index/resource_index
creating /home/agilex/taj_ws/install/vslam_package/share/ament_index/resource_index/packages
copying resource/vslam_package -> /home/agilex/taj_ws/install/vslam_package/share/ament_index/resource_index/packages
copying package.xml -> /home/agilex/taj_ws/install/vslam_package/share/vslam_package
running install_egg_info
Copying ../../build/vslam_package/vslam_package.egg-info to /home/agilex/taj_ws/install/vslam_package/lib/python3.10/site-packages/vslam_package-0.0.0-py3.10.egg-info
running install_scripts
writing list of installed files to '/home/agilex/taj_ws/build/vslam_package/install.log'
