[0.376s] Invoking command in '/home/agilex/taj_ws/build/vslam_package': PYTHONPATH=/home/agilex/taj_ws/build/vslam_package/prefix_override:/home/agilex/taj_ws/install/vslam_package/lib/python3.10/site-packages:${PYTHONPATH} /usr/bin/python3 setup.py develop --editable --build-directory /home/agilex/taj_ws/build/vslam_package/build --no-deps install_data
[0.510s] running develop
[0.512s] /usr/lib/python3/dist-packages/setuptools/command/easy_install.py:158: EasyInstallDeprecationWarning: easy_install command is deprecated. Use build and pip and other standards-based tools.
[0.512s]   warnings.warn(
[0.512s] /usr/lib/python3/dist-packages/setuptools/command/install.py:34: SetuptoolsDeprecationWarning: setup.py install is deprecated. Use build and pip and other standards-based tools.
[0.513s]   warnings.warn(
[0.587s] running egg_info
[0.587s] writing vslam_package.egg-info/PKG-INFO
[0.587s] writing dependency_links to vslam_package.egg-info/dependency_links.txt
[0.587s] writing entry points to vslam_package.egg-info/entry_points.txt
[0.587s] writing requirements to vslam_package.egg-info/requires.txt
[0.587s] writing top-level names to vslam_package.egg-info/top_level.txt
[0.588s] reading manifest file 'vslam_package.egg-info/SOURCES.txt'
[0.589s] writing manifest file 'vslam_package.egg-info/SOURCES.txt'
[0.590s] running build_ext
[0.590s] Creating /home/agilex/taj_ws/install/vslam_package/lib/python3.10/site-packages/vslam-package.egg-link (link to .)
[0.590s] Installing aruco_detector script to /home/agilex/taj_ws/install/vslam_package/lib/vslam_package
[0.590s] 
[0.590s] Installed /home/agilex/taj_ws/build/vslam_package
[0.590s] running install_data
[0.608s] Invoked command in '/home/agilex/taj_ws/build/vslam_package' returned '0': PYTHONPATH=/home/agilex/taj_ws/build/vslam_package/prefix_override:/home/agilex/taj_ws/install/vslam_package/lib/python3.10/site-packages:${PYTHONPATH} /usr/bin/python3 setup.py develop --editable --build-directory /home/agilex/taj_ws/build/vslam_package/build --no-deps install_data
