[0.381s] Invoking command in '/home/agilex/taj_ws/src/vslam_package': PYTHONPATH=/home/agilex/taj_ws/build/vslam_package/prefix_override:/home/agilex/taj_ws/install/vslam_package/lib/python3.10/site-packages:${PYTHONPATH} /usr/bin/python3 setup.py egg_info --egg-base ../../build/vslam_package build --build-base /home/agilex/taj_ws/build/vslam_package/build install --record /home/agilex/taj_ws/build/vslam_package/install.log --single-version-externally-managed
[0.511s] running egg_info
[0.512s] writing ../../build/vslam_package/vslam_package.egg-info/PKG-INFO
[0.512s] writing dependency_links to ../../build/vslam_package/vslam_package.egg-info/dependency_links.txt
[0.512s] writing entry points to ../../build/vslam_package/vslam_package.egg-info/entry_points.txt
[0.512s] writing requirements to ../../build/vslam_package/vslam_package.egg-info/requires.txt
[0.512s] writing top-level names to ../../build/vslam_package/vslam_package.egg-info/top_level.txt
[0.513s] reading manifest file '../../build/vslam_package/vslam_package.egg-info/SOURCES.txt'
[0.513s] writing manifest file '../../build/vslam_package/vslam_package.egg-info/SOURCES.txt'
[0.513s] running build
[0.513s] running build_py
[0.514s] running install
[0.514s] /usr/lib/python3/dist-packages/setuptools/command/install.py:34: SetuptoolsDeprecationWarning: setup.py install is deprecated. Use build and pip and other standards-based tools.
[0.514s]   warnings.warn(
[0.514s] running install_lib
[0.514s] running install_data
[0.514s] running install_egg_info
[0.515s] removing '/home/agilex/taj_ws/install/vslam_package/lib/python3.10/site-packages/vslam_package-0.0.0-py3.10.egg-info' (and everything under it)
[0.515s] Copying ../../build/vslam_package/vslam_package.egg-info to /home/agilex/taj_ws/install/vslam_package/lib/python3.10/site-packages/vslam_package-0.0.0-py3.10.egg-info
[0.516s] running install_scripts
[0.527s] writing list of installed files to '/home/agilex/taj_ws/build/vslam_package/install.log'
[0.540s] Invoked command in '/home/agilex/taj_ws/src/vslam_package' returned '0': PYTHONPATH=/home/agilex/taj_ws/build/vslam_package/prefix_override:/home/agilex/taj_ws/install/vslam_package/lib/python3.10/site-packages:${PYTHONPATH} /usr/bin/python3 setup.py egg_info --egg-base ../../build/vslam_package build --build-base /home/agilex/taj_ws/build/vslam_package/build install --record /home/agilex/taj_ws/build/vslam_package/install.log --single-version-externally-managed
